<?xml version="1.0" encoding="UTF-8"?>
<coverage generated="1560381723729" clover="3.2.0">
  <project timestamp="1560381723729" name="All files">
    <metrics statements="50" coveredstatements="35" conditionals="19" coveredconditionals="3" methods="30" coveredmethods="14" elements="99" coveredelements="52" complexity="0" loc="50" ncloc="50" packages="4" files="11" classes="11"/>
    <package name="components">
      <metrics statements="13" coveredstatements="12" conditionals="2" coveredconditionals="1" methods="7" coveredmethods="6"/>
      <file name="ArticlePreview.jsx" path="D:\dev\article-previews\src\components\ArticlePreview.jsx">
        <metrics statements="3" coveredstatements="3" conditionals="2" coveredconditionals="1" methods="1" coveredmethods="1"/>
        <line num="5" count="3" type="stmt"/>
        <line num="26" count="3" type="stmt"/>
        <line num="37" count="3" type="stmt"/>
      </file>
      <file name="Articles.jsx" path="D:\dev\article-previews\src\components\Articles.jsx">
        <metrics statements="3" coveredstatements="3" conditionals="0" coveredconditionals="0" methods="2" coveredmethods="2"/>
        <line num="6" count="2" type="stmt"/>
        <line num="7" count="2" type="stmt"/>
        <line num="9" count="2" type="stmt"/>
      </file>
      <file name="CategoryPanel.jsx" path="D:\dev\article-previews\src\components\CategoryPanel.jsx">
        <metrics statements="3" coveredstatements="3" conditionals="0" coveredconditionals="0" methods="2" coveredmethods="2"/>
        <line num="7" count="4" type="stmt"/>
        <line num="11" count="8" type="stmt"/>
        <line num="18" count="2" type="stmt"/>
      </file>
      <file name="FetchError.jsx" path="D:\dev\article-previews\src\components\FetchError.jsx">
        <metrics statements="4" coveredstatements="3" conditionals="0" coveredconditionals="0" methods="2" coveredmethods="1"/>
        <line num="5" count="2" type="stmt"/>
        <line num="6" count="2" type="stmt"/>
        <line num="14" count="0" type="stmt"/>
        <line num="17" count="2" type="stmt"/>
      </file>
    </package>
    <package name="components.inputs">
      <metrics statements="6" coveredstatements="5" conditionals="0" coveredconditionals="0" methods="4" coveredmethods="2"/>
      <file name="Checkbox.jsx" path="D:\dev\article-previews\src\components\inputs\Checkbox.jsx">
        <metrics statements="3" coveredstatements="2" conditionals="0" coveredconditionals="0" methods="2" coveredmethods="1"/>
        <line num="4" count="3" type="stmt"/>
        <line num="5" count="0" type="stmt"/>
        <line num="11" count="3" type="stmt"/>
      </file>
      <file name="DateFilter.jsx" path="D:\dev\article-previews\src\components\inputs\DateFilter.jsx">
        <metrics statements="3" coveredstatements="3" conditionals="0" coveredconditionals="0" methods="2" coveredmethods="1"/>
        <line num="4" count="2" type="stmt"/>
        <line num="5" count="2" type="stmt"/>
        <line num="9" count="2" type="stmt"/>
      </file>
    </package>
    <package name="pages">
      <metrics statements="12" coveredstatements="7" conditionals="11" coveredconditionals="2" methods="8" coveredmethods="2"/>
      <file name="ArticleFeed.jsx" path="D:\dev\article-previews\src\pages\ArticleFeed.jsx">
        <metrics statements="12" coveredstatements="7" conditionals="11" coveredconditionals="2" methods="8" coveredmethods="2"/>
        <line num="12" count="1" type="stmt"/>
        <line num="14" count="1" type="stmt"/>
        <line num="16" count="0" type="stmt"/>
        <line num="19" count="1" type="stmt"/>
        <line num="20" count="0" type="stmt"/>
        <line num="21" count="0" type="cond" truecount="0" falsecount="2"/>
        <line num="22" count="0" type="stmt"/>
        <line num="24" count="0" type="stmt"/>
        <line num="27" count="1" type="cond" truecount="0" falsecount="2"/>
        <line num="32" count="1" type="stmt"/>
        <line num="33" count="1" type="stmt"/>
        <line num="34" count="1" type="stmt"/>
      </file>
    </package>
    <package name="utils">
      <metrics statements="19" coveredstatements="11" conditionals="6" coveredconditionals="0" methods="11" coveredmethods="4"/>
      <file name="articles.js" path="D:\dev\article-previews\src\utils\articles.js">
        <metrics statements="6" coveredstatements="2" conditionals="6" coveredconditionals="0" methods="4" coveredmethods="1"/>
        <line num="4" count="1" type="stmt"/>
        <line num="8" count="0" type="cond" truecount="0" falsecount="4"/>
        <line num="9" count="0" type="cond" truecount="0" falsecount="2"/>
        <line num="10" count="0" type="stmt"/>
        <line num="18" count="1" type="stmt"/>
        <line num="19" count="0" type="stmt"/>
      </file>
      <file name="constants.js" path="D:\dev\article-previews\src\utils\constants.js">
        <metrics statements="5" coveredstatements="5" conditionals="0" coveredconditionals="0" methods="0" coveredmethods="0"/>
        <line num="1" count="4" type="stmt"/>
        <line num="6" count="4" type="stmt"/>
        <line num="8" count="4" type="stmt"/>
        <line num="13" count="4" type="stmt"/>
        <line num="19" count="4" type="stmt"/>
      </file>
      <file name="errors.js" path="D:\dev\article-previews\src\utils\errors.js">
        <metrics statements="1" coveredstatements="1" conditionals="0" coveredconditionals="0" methods="1" coveredmethods="1"/>
        <line num="3" count="3" type="stmt"/>
      </file>
      <file name="services.js" path="D:\dev\article-previews\src\utils\services.js">
        <metrics statements="7" coveredstatements="3" conditionals="0" coveredconditionals="0" methods="6" coveredmethods="2"/>
        <line num="5" count="1" type="stmt"/>
        <line num="7" count="2" type="stmt"/>
        <line num="8" count="0" type="stmt"/>
        <line num="9" count="0" type="stmt"/>
        <line num="11" count="1" type="stmt"/>
        <line num="12" count="0" type="stmt"/>
        <line num="13" count="0" type="stmt"/>
      </file>
    </package>
  </project>
</coverage>
