{"D:\\dev\\article-previews\\src\\components\\ArticlePreview.jsx": {"path":"D:\\dev\\article-previews\\src\\components\\ArticlePreview.jsx","statementMap":{"0":{"start":{"line":5,"column":30},"end":{"line":24,"column":10}},"1":{"start":{"line":5,"column":47},"end":{"line":24,"column":10}},"2":{"start":{"line":26,"column":0},"end":{"line":35,"column":2}},"3":{"start":{"line":37,"column":0},"end":{"line":39,"column":2}}},"fnMap":{"0":{"name":"(anonymous_0)","decl":{"start":{"line":5,"column":30},"end":{"line":5,"column":31}},"loc":{"start":{"line":5,"column":47},"end":{"line":24,"column":10}},"line":5}},"branchMap":{"0":{"loc":{"start":{"line":8,"column":22},"end":{"line":8,"column":93}},"type":"binary-expr","locations":[{"start":{"line":8,"column":22},"end":{"line":8,"column":35}},{"start":{"line":8,"column":39},"end":{"line":8,"column":93}}],"line":8}},"s":{"0":3,"1":1,"2":3,"3":3},"f":{"0":1},"b":{"0":[1,0]},"_coverageSchema":"43e27e138ebf9cfc5966b082cf9a028302ed4184","hash":"33aff6189b811df75f49c1c9dd9dc2a45c1da493"}
,"D:\\dev\\article-previews\\src\\components\\Articles.jsx": {"path":"D:\\dev\\article-previews\\src\\components\\Articles.jsx","statementMap":{"0":{"start":{"line":6,"column":24},"end":{"line":7,"column":57}},"1":{"start":{"line":6,"column":42},"end":{"line":7,"column":57}},"2":{"start":{"line":7,"column":4},"end":{"line":7,"column":56}},"3":{"start":{"line":9,"column":0},"end":{"line":19,"column":2}}},"fnMap":{"0":{"name":"(anonymous_0)","decl":{"start":{"line":6,"column":24},"end":{"line":6,"column":25}},"loc":{"start":{"line":6,"column":42},"end":{"line":7,"column":57}},"line":6},"1":{"name":"(anonymous_1)","decl":{"start":{"line":6,"column":58},"end":{"line":6,"column":59}},"loc":{"start":{"line":7,"column":4},"end":{"line":7,"column":56}},"line":7}},"branchMap":{},"s":{"0":2,"1":1,"2":2,"3":2},"f":{"0":1,"1":2},"b":{},"_coverageSchema":"43e27e138ebf9cfc5966b082cf9a028302ed4184","hash":"03624b0ecf5c81380041a768ab2fb6f87804ad7f"}
,"D:\\dev\\article-previews\\src\\components\\CategoryPanel.jsx": {"path":"D:\\dev\\article-previews\\src\\components\\CategoryPanel.jsx","statementMap":{"0":{"start":{"line":7,"column":29},"end":{"line":16,"column":5}},"1":{"start":{"line":7,"column":68},"end":{"line":16,"column":5}},"2":{"start":{"line":11,"column":12},"end":{"line":13,"column":17}},"3":{"start":{"line":18,"column":0},"end":{"line":21,"column":2}}},"fnMap":{"0":{"name":"(anonymous_0)","decl":{"start":{"line":7,"column":29},"end":{"line":7,"column":30}},"loc":{"start":{"line":7,"column":68},"end":{"line":16,"column":5}},"line":7},"1":{"name":"(anonymous_1)","decl":{"start":{"line":10,"column":29},"end":{"line":10,"column":30}},"loc":{"start":{"line":11,"column":12},"end":{"line":13,"column":17}},"line":11}},"branchMap":{},"s":{"0":2,"1":4,"2":8,"3":2},"f":{"0":4,"1":8},"b":{},"_coverageSchema":"43e27e138ebf9cfc5966b082cf9a028302ed4184","hash":"0a7ed7edb360b43eaae762a45d06978299a6881a"}
,"D:\\dev\\article-previews\\src\\components\\FetchError.jsx": {"path":"D:\\dev\\article-previews\\src\\components\\FetchError.jsx","statementMap":{"0":{"start":{"line":5,"column":26},"end":{"line":15,"column":10}},"1":{"start":{"line":6,"column":4},"end":{"line":15,"column":10}},"2":{"start":{"line":14,"column":31},"end":{"line":14,"column":55}},"3":{"start":{"line":17,"column":0},"end":{"line":26,"column":2}}},"fnMap":{"0":{"name":"(anonymous_0)","decl":{"start":{"line":5,"column":26},"end":{"line":5,"column":27}},"loc":{"start":{"line":6,"column":4},"end":{"line":15,"column":10}},"line":6},"1":{"name":"(anonymous_1)","decl":{"start":{"line":14,"column":25},"end":{"line":14,"column":26}},"loc":{"start":{"line":14,"column":31},"end":{"line":14,"column":55}},"line":14}},"branchMap":{},"s":{"0":2,"1":2,"2":0,"3":2},"f":{"0":2,"1":0},"b":{},"_coverageSchema":"43e27e138ebf9cfc5966b082cf9a028302ed4184","hash":"9318dc827212f6e3e9079c02ea40701f6ba4a577"}
,"D:\\dev\\article-previews\\src\\components\\inputs\\Checkbox.jsx": {"path":"D:\\dev\\article-previews\\src\\components\\inputs\\Checkbox.jsx","statementMap":{"0":{"start":{"line":4,"column":24},"end":{"line":9,"column":6}},"1":{"start":{"line":4,"column":61},"end":{"line":9,"column":6}},"2":{"start":{"line":5,"column":83},"end":{"line":5,"column":103}},"3":{"start":{"line":11,"column":0},"end":{"line":15,"column":2}}},"fnMap":{"0":{"name":"(anonymous_0)","decl":{"start":{"line":4,"column":24},"end":{"line":4,"column":25}},"loc":{"start":{"line":4,"column":61},"end":{"line":9,"column":6}},"line":4},"1":{"name":"(anonymous_1)","decl":{"start":{"line":5,"column":77},"end":{"line":5,"column":78}},"loc":{"start":{"line":5,"column":83},"end":{"line":5,"column":103}},"line":5}},"branchMap":{},"s":{"0":3,"1":3,"2":0,"3":3},"f":{"0":3,"1":0},"b":{},"_coverageSchema":"43e27e138ebf9cfc5966b082cf9a028302ed4184","hash":"12db72362e651c0aaeea398e6f3b4233c38122a0"}
,"D:\\dev\\article-previews\\src\\components\\inputs\\DateFilter.jsx": {"path":"D:\\dev\\article-previews\\src\\components\\inputs\\DateFilter.jsx","statementMap":{"0":{"start":{"line":4,"column":26},"end":{"line":7,"column":13}},"1":{"start":{"line":5,"column":4},"end":{"line":7,"column":13}},"2":{"start":{"line":5,"column":78},"end":{"line":5,"column":93}},"3":{"start":{"line":9,"column":0},"end":{"line":12,"column":2}}},"fnMap":{"0":{"name":"(anonymous_0)","decl":{"start":{"line":4,"column":26},"end":{"line":4,"column":27}},"loc":{"start":{"line":5,"column":4},"end":{"line":7,"column":13}},"line":5},"1":{"name":"(anonymous_1)","decl":{"start":{"line":5,"column":72},"end":{"line":5,"column":73}},"loc":{"start":{"line":5,"column":78},"end":{"line":5,"column":93}},"line":5}},"branchMap":{},"s":{"0":2,"1":2,"2":0,"3":2},"f":{"0":2,"1":0},"b":{},"_coverageSchema":"43e27e138ebf9cfc5966b082cf9a028302ed4184","hash":"45fbe9edaa920c2280ef760aef3a80f9c519d8c6"}
,"D:\\dev\\article-previews\\src\\pages\\ArticleFeed.jsx": {"path":"D:\\dev\\article-previews\\src\\pages\\ArticleFeed.jsx","statementMap":{"0":{"start":{"line":12,"column":12},"end":{"line":12,"column":25}},"1":{"start":{"line":14,"column":8},"end":{"line":17,"column":12}},"2":{"start":{"line":14,"column":41},"end":{"line":17,"column":10}},"3":{"start":{"line":16,"column":17},"end":{"line":16,"column":75}},"4":{"start":{"line":19,"column":31},"end":{"line":26,"column":5}},"5":{"start":{"line":20,"column":39},"end":{"line":20,"column":49}},"6":{"start":{"line":21,"column":8},"end":{"line":25,"column":9}},"7":{"start":{"line":22,"column":12},"end":{"line":22,"column":112}},"8":{"start":{"line":22,"column":89},"end":{"line":22,"column":107}},"9":{"start":{"line":24,"column":12},"end":{"line":24,"column":80}},"10":{"start":{"line":27,"column":22},"end":{"line":30,"column":5}},"11":{"start":{"line":27,"column":29},"end":{"line":29,"column":59}},"12":{"start":{"line":32,"column":60},"end":{"line":32,"column":70}},"13":{"start":{"line":33,"column":22},"end":{"line":33,"column":72}},"14":{"start":{"line":33,"column":50},"end":{"line":33,"column":71}},"15":{"start":{"line":34,"column":8},"end":{"line":52,"column":15}}},"fnMap":{"0":{"name":"(anonymous_0)","decl":{"start":{"line":13,"column":4},"end":{"line":13,"column":5}},"loc":{"start":{"line":13,"column":24},"end":{"line":18,"column":5}},"line":13},"1":{"name":"(anonymous_1)","decl":{"start":{"line":14,"column":32},"end":{"line":14,"column":33}},"loc":{"start":{"line":14,"column":41},"end":{"line":17,"column":10}},"line":14},"2":{"name":"(anonymous_2)","decl":{"start":{"line":15,"column":45},"end":{"line":15,"column":46}},"loc":{"start":{"line":16,"column":17},"end":{"line":16,"column":75}},"line":16},"3":{"name":"(anonymous_3)","decl":{"start":{"line":19,"column":31},"end":{"line":19,"column":32}},"loc":{"start":{"line":19,"column":42},"end":{"line":26,"column":5}},"line":19},"4":{"name":"(anonymous_4)","decl":{"start":{"line":22,"column":77},"end":{"line":22,"column":78}},"loc":{"start":{"line":22,"column":89},"end":{"line":22,"column":107}},"line":22},"5":{"name":"(anonymous_5)","decl":{"start":{"line":27,"column":22},"end":{"line":27,"column":23}},"loc":{"start":{"line":27,"column":29},"end":{"line":29,"column":59}},"line":27},"6":{"name":"(anonymous_6)","decl":{"start":{"line":31,"column":4},"end":{"line":31,"column":5}},"loc":{"start":{"line":31,"column":14},"end":{"line":53,"column":5}},"line":31},"7":{"name":"(anonymous_7)","decl":{"start":{"line":33,"column":39},"end":{"line":33,"column":40}},"loc":{"start":{"line":33,"column":50},"end":{"line":33,"column":71}},"line":33}},"branchMap":{"0":{"loc":{"start":{"line":15,"column":22},"end":{"line":16,"column":84}},"type":"binary-expr","locations":[{"start":{"line":15,"column":23},"end":{"line":15,"column":28}},{"start":{"line":15,"column":32},"end":{"line":16,"column":77}},{"start":{"line":16,"column":82},"end":{"line":16,"column":84}}],"line":15},"1":{"loc":{"start":{"line":21,"column":8},"end":{"line":25,"column":9}},"type":"if","locations":[{"start":{"line":21,"column":8},"end":{"line":25,"column":9}},{"start":{"line":21,"column":8},"end":{"line":25,"column":9}}],"line":21},"2":{"loc":{"start":{"line":27,"column":29},"end":{"line":29,"column":59}},"type":"cond-expr","locations":[{"start":{"line":28,"column":8},"end":{"line":28,"column":58}},{"start":{"line":29,"column":8},"end":{"line":29,"column":59}}],"line":27},"3":{"loc":{"start":{"line":45,"column":22},"end":{"line":45,"column":63}},"type":"binary-expr","locations":[{"start":{"line":45,"column":22},"end":{"line":45,"column":27}},{"start":{"line":45,"column":31},"end":{"line":45,"column":63}}],"line":45},"4":{"loc":{"start":{"line":46,"column":22},"end":{"line":48,"column":108}},"type":"cond-expr","locations":[{"start":{"line":47,"column":24},"end":{"line":47,"column":54}},{"start":{"line":48,"column":24},"end":{"line":48,"column":108}}],"line":46}},"s":{"0":1,"1":1,"2":0,"3":0,"4":1,"5":0,"6":0,"7":0,"8":0,"9":0,"10":1,"11":0,"12":1,"13":1,"14":0,"15":1},"f":{"0":1,"1":0,"2":0,"3":0,"4":0,"5":0,"6":1,"7":0},"b":{"0":[0,0,0],"1":[0,0],"2":[0,0],"3":[1,0],"4":[0,1]},"_coverageSchema":"43e27e138ebf9cfc5966b082cf9a028302ed4184","hash":"e0f49585fef60f1250f16da08427bf14b5fd4fde"}
,"D:\\dev\\article-previews\\src\\utils\\articles.js": {"path":"D:\\dev\\article-previews\\src\\utils\\articles.js","statementMap":{"0":{"start":{"line":4,"column":35},"end":{"line":16,"column":12}},"1":{"start":{"line":4,"column":46},"end":{"line":16,"column":12}},"2":{"start":{"line":8,"column":8},"end":{"line":8,"column":66}},"3":{"start":{"line":8,"column":47},"end":{"line":8,"column":66}},"4":{"start":{"line":9,"column":8},"end":{"line":9,"column":56}},"5":{"start":{"line":9,"column":25},"end":{"line":9,"column":56}},"6":{"start":{"line":10,"column":8},"end":{"line":10,"column":21}},"7":{"start":{"line":18,"column":35},"end":{"line":21,"column":12}},"8":{"start":{"line":18,"column":80},"end":{"line":21,"column":12}},"9":{"start":{"line":19,"column":23},"end":{"line":19,"column":81}}},"fnMap":{"0":{"name":"(anonymous_0)","decl":{"start":{"line":4,"column":35},"end":{"line":4,"column":36}},"loc":{"start":{"line":4,"column":46},"end":{"line":16,"column":12}},"line":4},"1":{"name":"(anonymous_1)","decl":{"start":{"line":7,"column":9},"end":{"line":7,"column":10}},"loc":{"start":{"line":7,"column":27},"end":{"line":11,"column":5}},"line":7},"2":{"name":"(anonymous_2)","decl":{"start":{"line":18,"column":35},"end":{"line":18,"column":36}},"loc":{"start":{"line":18,"column":80},"end":{"line":21,"column":12}},"line":18},"3":{"name":"(anonymous_3)","decl":{"start":{"line":19,"column":12},"end":{"line":19,"column":13}},"loc":{"start":{"line":19,"column":23},"end":{"line":19,"column":81}},"line":19}},"branchMap":{"0":{"loc":{"start":{"line":8,"column":8},"end":{"line":8,"column":66}},"type":"if","locations":[{"start":{"line":8,"column":8},"end":{"line":8,"column":66}},{"start":{"line":8,"column":8},"end":{"line":8,"column":66}}],"line":8},"1":{"loc":{"start":{"line":8,"column":12},"end":{"line":8,"column":44}},"type":"binary-expr","locations":[{"start":{"line":8,"column":12},"end":{"line":8,"column":23}},{"start":{"line":8,"column":27},"end":{"line":8,"column":44}}],"line":8},"2":{"loc":{"start":{"line":9,"column":8},"end":{"line":9,"column":56}},"type":"if","locations":[{"start":{"line":9,"column":8},"end":{"line":9,"column":56}},{"start":{"line":9,"column":8},"end":{"line":9,"column":56}}],"line":9}},"s":{"0":1,"1":0,"2":0,"3":0,"4":0,"5":0,"6":0,"7":1,"8":1,"9":0},"f":{"0":0,"1":0,"2":1,"3":0},"b":{"0":[0,0],"1":[0,0],"2":[0,0]},"_coverageSchema":"43e27e138ebf9cfc5966b082cf9a028302ed4184","hash":"a424fbef82366bb8361e43759bb339a6be103905"}
,"D:\\dev\\article-previews\\src\\utils\\constants.js": {"path":"D:\\dev\\article-previews\\src\\utils\\constants.js","statementMap":{"0":{"start":{"line":1,"column":29},"end":{"line":4,"column":1}},"1":{"start":{"line":6,"column":29},"end":{"line":6,"column":49}},"2":{"start":{"line":8,"column":26},"end":{"line":11,"column":1}},"3":{"start":{"line":13,"column":29},"end":{"line":17,"column":1}},"4":{"start":{"line":19,"column":25},"end":{"line":32,"column":1}}},"fnMap":{},"branchMap":{},"s":{"0":4,"1":4,"2":4,"3":4,"4":4},"f":{},"b":{},"_coverageSchema":"43e27e138ebf9cfc5966b082cf9a028302ed4184","hash":"b83c37f38a2417538a9acd29f3614268150a10ea"}
,"D:\\dev\\article-previews\\src\\utils\\errors.js": {"path":"D:\\dev\\article-previews\\src\\utils\\errors.js","statementMap":{"0":{"start":{"line":3,"column":36},"end":{"line":7,"column":12}},"1":{"start":{"line":3,"column":49},"end":{"line":7,"column":12}}},"fnMap":{"0":{"name":"(anonymous_0)","decl":{"start":{"line":3,"column":36},"end":{"line":3,"column":37}},"loc":{"start":{"line":3,"column":49},"end":{"line":7,"column":12}},"line":3}},"branchMap":{},"s":{"0":3,"1":3},"f":{"0":3},"b":{},"_coverageSchema":"43e27e138ebf9cfc5966b082cf9a028302ed4184","hash":"61dee473676149417d63525ddd664bb76e05a767"}
,"D:\\dev\\article-previews\\src\\utils\\services.js": {"path":"D:\\dev\\article-previews\\src\\utils\\services.js","statementMap":{"0":{"start":{"line":5,"column":28},"end":{"line":5,"column":41}},"1":{"start":{"line":7,"column":28},"end":{"line":9,"column":26}},"2":{"start":{"line":7,"column":36},"end":{"line":9,"column":26}},"3":{"start":{"line":8,"column":22},"end":{"line":8,"column":54}},"4":{"start":{"line":9,"column":20},"end":{"line":9,"column":25}},"5":{"start":{"line":11,"column":32},"end":{"line":13,"column":26}},"6":{"start":{"line":11,"column":38},"end":{"line":13,"column":26}},"7":{"start":{"line":12,"column":22},"end":{"line":12,"column":41}},"8":{"start":{"line":13,"column":20},"end":{"line":13,"column":25}}},"fnMap":{"0":{"name":"(anonymous_0)","decl":{"start":{"line":7,"column":28},"end":{"line":7,"column":29}},"loc":{"start":{"line":7,"column":36},"end":{"line":9,"column":26}},"line":7},"1":{"name":"(anonymous_1)","decl":{"start":{"line":8,"column":10},"end":{"line":8,"column":11}},"loc":{"start":{"line":8,"column":22},"end":{"line":8,"column":54}},"line":8},"2":{"name":"(anonymous_2)","decl":{"start":{"line":9,"column":11},"end":{"line":9,"column":12}},"loc":{"start":{"line":9,"column":20},"end":{"line":9,"column":25}},"line":9},"3":{"name":"(anonymous_3)","decl":{"start":{"line":11,"column":32},"end":{"line":11,"column":33}},"loc":{"start":{"line":11,"column":38},"end":{"line":13,"column":26}},"line":11},"4":{"name":"(anonymous_4)","decl":{"start":{"line":12,"column":10},"end":{"line":12,"column":11}},"loc":{"start":{"line":12,"column":22},"end":{"line":12,"column":41}},"line":12},"5":{"name":"(anonymous_5)","decl":{"start":{"line":13,"column":11},"end":{"line":13,"column":12}},"loc":{"start":{"line":13,"column":20},"end":{"line":13,"column":25}},"line":13}},"branchMap":{},"s":{"0":1,"1":1,"2":2,"3":0,"4":0,"5":1,"6":1,"7":0,"8":0},"f":{"0":2,"1":0,"2":0,"3":1,"4":0,"5":0},"b":{},"_coverageSchema":"43e27e138ebf9cfc5966b082cf9a028302ed4184","hash":"d618c6ae8ec8766e0bd5b230cd43213e1ec11d36"}
}
